{"obj": {"type": "AssignString", "path": ["monitoring", "e76a5a95", "hostname"], "value": "pop-os"}, "version": 1, "at": 1714569556.3985617}
{"obj": {"type": "AssignString", "path": ["monitoring", "e76a5a95", "pid"], "value": "68568"}, "version": 2, "at": 1714569556.3988163}
{"obj": {"type": "AssignString", "path": ["monitoring", "e76a5a95", "tid"], "value": "130414260700224"}, "version": 3, "at": 1714569556.3989596}
{"obj": {"type": "ClearStringLog", "path": ["monitoring", "e76a5a95", "stdout"]}, "version": 4, "at": 1714569556.3990872}
{"obj": {"type": "ClearStringLog", "path": ["monitoring", "e76a5a95", "stderr"]}, "version": 5, "at": 1714569556.3991919}
{"obj": {"type": "UploadFile", "path": ["source_code", "diff"], "ext": "patch", "file_path": null, "tmp_file_name": "source_code_diff-1714569556.456107-2024-05-01_15.19.16.456107.patch", "clean_after_upload": false}, "version": 6, "at": 1714569556.4563568}
{"obj": {"type": "LogStrings", "path": ["monitoring", "e76a5a95", "stdout"], "values": [{"value": "[neptune] [warning] Info (NVML): NVML Shared Library Not Found. GPU usage metrics may not be reported. For more information, see https://docs.neptune.ai/help/nvml_error/\n", "step": null, "ts": 1714569556.4666283}]}, "version": 7, "at": 1714569556.4666922}
{"obj": {"type": "ConfigFloatSeries", "path": ["monitoring", "e76a5a95", "cpu"], "min": 0.0, "max": 100.0, "unit": "%"}, "version": 8, "at": 1714569556.4675467}
{"obj": {"type": "ClearFloatLog", "path": ["monitoring", "e76a5a95", "cpu"]}, "version": 9, "at": 1714569556.4676874}
{"obj": {"type": "ConfigFloatSeries", "path": ["monitoring", "e76a5a95", "memory"], "min": 0.0, "max": 7.664974212646484, "unit": "GB"}, "version": 10, "at": 1714569556.4678695}
{"obj": {"type": "ClearFloatLog", "path": ["monitoring", "e76a5a95", "memory"]}, "version": 11, "at": 1714569556.467956}
{"obj": {"type": "LogFloats", "path": ["monitoring", "e76a5a95", "cpu"], "values": [{"value": 58.2, "step": null, "ts": 1714569556.4688504}]}, "version": 12, "at": 1714569556.4700391}
{"obj": {"type": "LogFloats", "path": ["monitoring", "e76a5a95", "memory"], "values": [{"value": 5.831554412841797, "step": null, "ts": 1714569556.4688504}]}, "version": 13, "at": 1714569556.4704967}
{"obj": {"type": "LogStrings", "path": ["monitoring", "e76a5a95", "stderr"], "values": [{"value": "/home/billalmokhtari/anaconda3/lib/python3.11/site-packages/torchvision/models/_utils.py:208: UserWarning: The parameter 'pretrained' is deprecated since 0.13 and may be removed in the future, please use 'weights' instead.\n  warnings.warn(\n", "step": null, "ts": 1714569556.471744}]}, "version": 14, "at": 1714569556.4717991}
{"obj": {"type": "LogStrings", "path": ["monitoring", "e76a5a95", "stderr"], "values": [{"value": "/home/billalmokhtari/anaconda3/lib/python3.11/site-packages/torchvision/models/_utils.py:223: UserWarning: Arguments other than a weight enum or `None` for 'weights' are deprecated since 0.13 and may be removed in the future. The current behavior is equivalent to passing `weights=ResNet18_Weights.IMAGENET1K_V1`. You can also use `weights=ResNet18_Weights.DEFAULT` to get the most up-to-date weights.\n  warnings.warn(msg)\n", "step": null, "ts": 1714569556.4719942}]}, "version": 15, "at": 1714569556.4720294}
{"obj": {"type": "UploadFile", "path": ["checkpoints"], "ext": "pth", "file_path": "/tmp/tmprm5jmju_.pth", "tmp_file_name": null, "clean_after_upload": false}, "version": 16, "at": 1714569558.0307724}
{"obj": {"type": "LogStrings", "path": ["monitoring", "e76a5a95", "stdout"], "values": [{"value": "\u001b[32mThe data are successfully loaded to Neptune.\u001b[37m", "step": null, "ts": 1714569558.0331223}]}, "version": 17, "at": 1714569558.0333154}
{"obj": {"type": "LogStrings", "path": ["monitoring", "e76a5a95", "stdout"], "values": [{"value": "\n", "step": null, "ts": 1714569558.0352783}]}, "version": 18, "at": 1714569558.0353336}
{"obj": {"type": "LogStrings", "path": ["monitoring", "e76a5a95", "stdout"], "values": [{"value": "\u001b[32mThe checkpoint is successfully logged to Neptune.", "step": null, "ts": 1714569558.0355718}]}, "version": 19, "at": 1714569558.035612}
{"obj": {"type": "LogStrings", "path": ["monitoring", "e76a5a95", "stdout"], "values": [{"value": " ", "step": null, "ts": 1714569558.0375218}]}, "version": 20, "at": 1714569558.0375776}
{"obj": {"type": "LogStrings", "path": ["monitoring", "e76a5a95", "stdout"], "values": [{"value": "\u001b[37m", "step": null, "ts": 1714569558.0377965}]}, "version": 21, "at": 1714569558.038653}
{"obj": {"type": "LogStrings", "path": ["monitoring", "e76a5a95", "stdout"], "values": [{"value": "\n", "step": null, "ts": 1714569558.038879}]}, "version": 22, "at": 1714569558.0389166}
{"obj": {"type": "LogStrings", "path": ["monitoring", "e76a5a95", "stdout"], "values": [{"value": "[neptune] [info   ] Shutting down background jobs, please wait a moment...\n", "step": null, "ts": 1714569558.0390697}]}, "version": 23, "at": 1714569558.0390995}
